Using pre-set license

 COMMAND LINE ARGUMENTS:
/Applications/Unity/Hub/Editor/2020.2.2f1/Unity.app/Contents/MacOS/Unity
-adb2
-batchMode
-noUpm
-name
AssetImportWorker0
-projectPath
/Users/tkx/Desktop/FireBusters-VR
-logFile
Logs/AssetImportWorker0.log
-srvPort
49651
Successfully changed project path to: /Users/tkx/Desktop/FireBusters-VR
/Users/tkx/Desktop/FireBusters-VR
Using Asset Import Pipeline V2.
Refreshing native plugins compatible for Editor in 129.61 ms, found 1 plugins.
Preloading 0 native plugins for Editor in 0.00 ms.
Initialize engine version: 2020.2.2f1 (068178b99f32)
[Subsystems] Discovering subsystems at path /Applications/Unity/Hub/Editor/2020.2.2f1/Unity.app/Contents/Resources/UnitySubsystems
[Subsystems] Discovering subsystems at path /Users/tkx/Desktop/FireBusters-VR/Assets
GfxDevice: creating device client; threaded=0
2022-03-15 22:11:45.466 Unity[25671:4816259] W240 preferred device: AMD Radeon Pro 560X (high power)
2022-03-15 22:11:45.466 Unity[25671:4816259] Metal devices available: 2
2022-03-15 22:11:45.466 Unity[25671:4816259] 0: AMD Radeon Pro 560X (high power)
2022-03-15 22:11:45.466 Unity[25671:4816259] 1: Intel(R) UHD Graphics 630 (low power)
2022-03-15 22:11:45.466 Unity[25671:4816259] Using device AMD Radeon Pro 560X (high power)
Initializing Metal device caps: AMD Radeon Pro 560X
Shader 'Universal Render Pipeline/Particles/Lit': fallback shader 'Universal Render Pipeline/Particles/SimpleLit' not found
Initialize mono
Mono path[0] = '/Applications/Unity/Hub/Editor/2020.2.2f1/Unity.app/Contents/Managed'
Mono path[1] = '/Applications/Unity/Hub/Editor/2020.2.2f1/Unity.app/Contents/MonoBleedingEdge/lib/mono/unityjit'
Mono config path = '/Applications/Unity/Hub/Editor/2020.2.2f1/Unity.app/Contents/MonoBleedingEdge/etc'
Using monoOptions --debugger-agent=transport=dt_socket,embedding=1,server=y,suspend=n,address=127.0.0.1:56671
Begin MonoManager ReloadAssembly
Registering precompiled unity dll's ...
Register platform support module: /Applications/Unity/Hub/Editor/2020.2.2f1/Unity.app/Contents/PlaybackEngines/MacStandaloneSupport/UnityEditor.OSXStandalone.Extensions.dll
Registered in 0.002379 seconds.
Native extension for OSXStandalone target not found
Refreshing native plugins compatible for Editor in 84.07 ms, found 1 plugins.
Preloading 0 native plugins for Editor in 0.00 ms.
Invoked RoslynAnalysisRunner static constructor.
RoslynAnalysisRunner will not be running.
RoslynAnalysisRunner has terminated.
Mono: successfully reloaded assembly
- Completed reload, in  1.588 seconds
Platform modules already initialized, skipping
Registering precompiled user dll's ...
Registered in 0.004456 seconds.
Begin MonoManager ReloadAssembly
Native extension for OSXStandalone target not found
Refreshing native plugins compatible for Editor in 82.52 ms, found 1 plugins.
Preloading 0 native plugins for Editor in 0.00 ms.
Invoked RoslynAnalysisRunner static constructor.
RoslynAnalysisRunner will not be running.
RoslynAnalysisRunner has terminated.
Mono: successfully reloaded assembly
- Completed reload, in  1.212 seconds
Platform modules already initialized, skipping
========================================================================
Worker process is ready to serve import requests
Shader 'Universal Render Pipeline/Particles/Lit': fallback shader 'Universal Render Pipeline/Particles/SimpleLit' not found
Launching external process: /Applications/Unity/Hub/Editor/2020.2.2f1/Unity.app/Contents/Tools/UnityShaderCompiler
Launched and connected shader compiler UnityShaderCompiler after 0.01 seconds
Refreshing native plugins compatible for Editor in 0.86 ms, found 1 plugins.
Preloading 0 native plugins for Editor in 0.00 ms.
Unloading 2770 Unused Serialized files (Serialized files now loaded: 0)
System memory in use before: 206.8 MB.
System memory in use after: 206.9 MB.

Unloading 19 unused Assets to reduce memory usage. Loaded Objects now: 3227.
Total: 2.702348 ms (FindLiveObjects: 0.345179 ms CreateObjectMapping: 0.142233 ms MarkObjects: 2.028186 ms  DeleteObjects: 0.185578 ms)

========================================================================
Received Prepare
Shader 'Universal Render Pipeline/Particles/Lit': fallback shader 'Universal Render Pipeline/Particles/SimpleLit' not found
Refreshing native plugins compatible for Editor in 2.15 ms, found 1 plugins.
Preloading 0 native plugins for Editor in 0.00 ms.
Unloading 10 Unused Serialized files (Serialized files now loaded: 0)
System memory in use before: 149.9 MB.
System memory in use after: 150.0 MB.

Unloading 10 unused Assets to reduce memory usage. Loaded Objects now: 3227.
Total: 2.170972 ms (FindLiveObjects: 0.291639 ms CreateObjectMapping: 0.127537 ms MarkObjects: 1.614483 ms  DeleteObjects: 0.135451 ms)

========================================================================
Received Import Request.
  path: Assets/New Terrain.asset
  artifactKey: Guid(54b8eef29d6294dde88a08ddddc54d71) Importer(815301076,1909f56bfc062723c751e8b465ee728b)
Start importing Assets/New Terrain.asset using Guid(54b8eef29d6294dde88a08ddddc54d71) Importer(815301076,1909f56bfc062723c751e8b465ee728b)  -> (artifact id: 'dc8164ebd600f1d59946945efcb29aee') in 1.249957 seconds
  Import took 1.255913 seconds .

========================================================================
Received Import Request.
  Time since last request: 5.368443 seconds.
  path: Assets/New Terrain.asset
  artifactKey: Guid(54b8eef29d6294dde88a08ddddc54d71) Importer(815301076,1909f56bfc062723c751e8b465ee728b)
Start importing Assets/New Terrain.asset using Guid(54b8eef29d6294dde88a08ddddc54d71) Importer(815301076,1909f56bfc062723c751e8b465ee728b)  -> (artifact id: 'dc8164ebd600f1d59946945efcb29aee') in 0.006142 seconds
  Import took 0.011826 seconds .

========================================================================
Received Import Request.
  Time since last request: 0.054526 seconds.
  path: Assets/Level1.unity
  artifactKey: Guid(3fe91a901dc3240db999e3ea44eae151) Importer(815301076,1909f56bfc062723c751e8b465ee728b)
Start importing Assets/Level1.unity using Guid(3fe91a901dc3240db999e3ea44eae151) Importer(815301076,1909f56bfc062723c751e8b465ee728b)  -> (artifact id: '08411e37c19499f65d17d9573f1d3ed3') in 0.002077 seconds
  Import took 0.007153 seconds .

========================================================================
Received Import Request.
  Time since last request: 15.869335 seconds.
  path: Assets/Level01.unity
  artifactKey: Guid(3fe91a901dc3240db999e3ea44eae151) Importer(815301076,1909f56bfc062723c751e8b465ee728b)
Start importing Assets/Level01.unity using Guid(3fe91a901dc3240db999e3ea44eae151) Importer(815301076,1909f56bfc062723c751e8b465ee728b)  -> (artifact id: '348ea082e40883d450ff6dd665ff7761') in 0.001970 seconds
  Import took 0.006778 seconds .

========================================================================
Received Prepare
Registering precompiled user dll's ...
Registered in 0.005386 seconds.
Begin MonoManager ReloadAssembly
Native extension for OSXStandalone target not found
Refreshing native plugins compatible for Editor in 0.97 ms, found 1 plugins.
Preloading 0 native plugins for Editor in 0.00 ms.
Invoked RoslynAnalysisRunner static constructor.
RoslynAnalysisRunner will not be running.
RoslynAnalysisRunner has terminated.
Mono: successfully reloaded assembly
- Completed reload, in  1.181 seconds
Platform modules already initialized, skipping
Shader 'Universal Render Pipeline/Particles/Lit': fallback shader 'Universal Render Pipeline/Particles/SimpleLit' not found
Refreshing native plugins compatible for Editor in 0.83 ms, found 1 plugins.
Preloading 0 native plugins for Editor in 0.00 ms.
Unloading 2697 Unused Serialized files (Serialized files now loaded: 0)
System memory in use before: 207.4 MB.
System memory in use after: 207.5 MB.

Unloading 14 unused Assets to reduce memory usage. Loaded Objects now: 3230.
Total: 2.688767 ms (FindLiveObjects: 0.351869 ms CreateObjectMapping: 0.174226 ms MarkObjects: 2.016189 ms  DeleteObjects: 0.144182 ms)

========================================================================
Received Prepare
Registering precompiled user dll's ...
Registered in 0.002941 seconds.
Begin MonoManager ReloadAssembly
Native extension for OSXStandalone target not found
Refreshing native plugins compatible for Editor in 0.98 ms, found 1 plugins.
Preloading 0 native plugins for Editor in 0.00 ms.
Invoked RoslynAnalysisRunner static constructor.
RoslynAnalysisRunner will not be running.
RoslynAnalysisRunner has terminated.
Mono: successfully reloaded assembly
- Completed reload, in  1.101 seconds
Platform modules already initialized, skipping
Shader 'Universal Render Pipeline/Particles/Lit': fallback shader 'Universal Render Pipeline/Particles/SimpleLit' not found
Refreshing native plugins compatible for Editor in 1.04 ms, found 1 plugins.
Preloading 0 native plugins for Editor in 0.00 ms.
Unloading 2697 Unused Serialized files (Serialized files now loaded: 0)
System memory in use before: 207.9 MB.
System memory in use after: 208.0 MB.

Unloading 14 unused Assets to reduce memory usage. Loaded Objects now: 3233.
Total: 2.314950 ms (FindLiveObjects: 0.274032 ms CreateObjectMapping: 0.130708 ms MarkObjects: 1.767757 ms  DeleteObjects: 0.141111 ms)

========================================================================
Received Prepare
Registering precompiled user dll's ...
Registered in 0.005056 seconds.
Begin MonoManager ReloadAssembly
Native extension for OSXStandalone target not found
Refreshing native plugins compatible for Editor in 0.95 ms, found 1 plugins.
Preloading 0 native plugins for Editor in 0.00 ms.
Invoked RoslynAnalysisRunner static constructor.
RoslynAnalysisRunner will not be running.
RoslynAnalysisRunner has terminated.
Mono: successfully reloaded assembly
- Completed reload, in  1.154 seconds
Platform modules already initialized, skipping
Shader 'Universal Render Pipeline/Particles/Lit': fallback shader 'Universal Render Pipeline/Particles/SimpleLit' not found
Refreshing native plugins compatible for Editor in 0.74 ms, found 1 plugins.
Preloading 0 native plugins for Editor in 0.00 ms.
Unloading 2697 Unused Serialized files (Serialized files now loaded: 0)
System memory in use before: 208.3 MB.
System memory in use after: 208.4 MB.

Unloading 14 unused Assets to reduce memory usage. Loaded Objects now: 3236.
Total: 3.047713 ms (FindLiveObjects: 0.283844 ms CreateObjectMapping: 0.131114 ms MarkObjects: 2.491772 ms  DeleteObjects: 0.139323 ms)

========================================================================
Received Prepare
Registering precompiled user dll's ...
Registered in 0.002979 seconds.
Begin MonoManager ReloadAssembly
Native extension for OSXStandalone target not found
Refreshing native plugins compatible for Editor in 0.97 ms, found 1 plugins.
Preloading 0 native plugins for Editor in 0.00 ms.
Invoked RoslynAnalysisRunner static constructor.
RoslynAnalysisRunner will not be running.
RoslynAnalysisRunner has terminated.
Mono: successfully reloaded assembly
- Completed reload, in  1.124 seconds
Platform modules already initialized, skipping
Shader 'Universal Render Pipeline/Particles/Lit': fallback shader 'Universal Render Pipeline/Particles/SimpleLit' not found
Refreshing native plugins compatible for Editor in 0.84 ms, found 1 plugins.
Preloading 0 native plugins for Editor in 0.00 ms.
Unloading 2697 Unused Serialized files (Serialized files now loaded: 0)
System memory in use before: 208.7 MB.
System memory in use after: 208.8 MB.

Unloading 14 unused Assets to reduce memory usage. Loaded Objects now: 3239.
Total: 3.160727 ms (FindLiveObjects: 0.344845 ms CreateObjectMapping: 0.177200 ms MarkObjects: 2.400065 ms  DeleteObjects: 0.236412 ms)

========================================================================
Received Prepare
Registering precompiled user dll's ...
Registered in 0.002861 seconds.
Begin MonoManager ReloadAssembly
Native extension for OSXStandalone target not found
Refreshing native plugins compatible for Editor in 0.84 ms, found 1 plugins.
Preloading 0 native plugins for Editor in 0.00 ms.
Invoked RoslynAnalysisRunner static constructor.
RoslynAnalysisRunner will not be running.
RoslynAnalysisRunner has terminated.
Mono: successfully reloaded assembly
- Completed reload, in  1.102 seconds
Platform modules already initialized, skipping
Shader 'Universal Render Pipeline/Particles/Lit': fallback shader 'Universal Render Pipeline/Particles/SimpleLit' not found
Refreshing native plugins compatible for Editor in 0.91 ms, found 1 plugins.
Preloading 0 native plugins for Editor in 0.00 ms.
Unloading 2697 Unused Serialized files (Serialized files now loaded: 0)
System memory in use before: 209.2 MB.
System memory in use after: 209.3 MB.

Unloading 14 unused Assets to reduce memory usage. Loaded Objects now: 3242.
Total: 2.471612 ms (FindLiveObjects: 0.305744 ms CreateObjectMapping: 0.188908 ms MarkObjects: 1.816688 ms  DeleteObjects: 0.159183 ms)

AssetImportWorkerClient::OnTransportError - code=2 error=End of file
